TN:
SF:src\index.js
FN:15,(anonymous_0)
FNF:1
FNH:1
FNDA:2,(anonymous_0)
DA:1,2
DA:2,2
DA:4,2
DA:5,2
DA:6,2
DA:8,2
DA:12,2
DA:13,2
DA:15,2
DA:16,2
DA:19,2
LF:11
LH:11
BRDA:5,0,0,2
BRDA:5,0,1,2
BRF:2
BRH:2
end_of_record
TN:
SF:src\routes.js
FN:11,(anonymous_0)
FN:15,(anonymous_1)
FN:51,(anonymous_2)
FN:83,(anonymous_3)
FNF:4
FNH:3
FNDA:0,(anonymous_0)
FNDA:2,(anonymous_1)
FNDA:2,(anonymous_2)
FNDA:1,(anonymous_3)
DA:1,2
DA:6,2
DA:8,2
DA:11,2
DA:12,0
DA:15,2
DA:16,2
DA:17,2
DA:20,2
DA:21,0
DA:27,2
DA:28,2
DA:29,0
DA:35,2
DA:36,2
DA:43,0
DA:44,0
DA:51,2
DA:52,2
DA:53,2
DA:55,2
DA:56,0
DA:62,2
DA:63,2
DA:65,2
DA:66,0
DA:72,2
DA:73,2
DA:75,0
DA:76,0
DA:83,2
DA:84,1
DA:85,1
DA:87,1
DA:88,0
DA:94,1
DA:95,1
DA:97,1
DA:98,0
DA:104,1
DA:105,1
DA:111,0
DA:112,0
DA:119,2
LF:44
LH:31
BRDA:20,0,0,0
BRDA:20,0,1,2
BRDA:20,1,0,2
BRDA:20,1,1,2
BRDA:20,1,2,2
BRDA:28,2,0,0
BRDA:28,2,1,2
BRDA:28,3,0,2
BRDA:28,3,1,2
BRDA:55,4,0,0
BRDA:55,4,1,2
BRDA:55,5,0,2
BRDA:55,5,1,2
BRDA:65,6,0,0
BRDA:65,6,1,2
BRDA:65,7,0,2
BRDA:65,7,1,2
BRDA:65,7,2,2
BRDA:65,7,3,2
BRDA:87,8,0,0
BRDA:87,8,1,1
BRDA:87,9,0,1
BRDA:87,9,1,1
BRDA:97,10,0,0
BRDA:97,10,1,1
BRDA:97,11,0,1
BRDA:97,11,1,1
BRDA:97,11,2,1
BRDA:97,11,3,1
BRF:29
BRH:23
end_of_record
TN:
SF:src\services\financialService.js
FN:9,convertCurrency
FN:17,calculateTTC
FN:22,applyDiscount
FNF:3
FNH:3
FNDA:6,convertCurrency
FNDA:3,calculateTTC
FNDA:2,applyDiscount
DA:2,4
DA:10,6
DA:11,5
DA:12,5
DA:13,5
DA:14,5
DA:18,3
DA:19,3
DA:23,2
DA:24,2
DA:27,4
LF:11
LH:11
BRDA:10,0,0,1
BRDA:10,0,1,5
BRDA:13,1,0,0
BRDA:13,1,1,5
BRDA:18,2,0,0
BRDA:18,2,1,3
BRDA:18,3,0,3
BRDA:18,3,1,3
BRDA:23,4,0,0
BRDA:23,4,1,2
BRDA:23,5,0,2
BRDA:23,5,1,2
BRF:12
BRH:9
end_of_record
